<?xml version="1.0" encoding="UTF-8"?>
<!-- Generated by org.testng.reporters.JUnitXMLReporter -->
<testsuite hostname="Nanis-MacBook-Pro.local" ignored="0" name="Default test" tests="4" failures="0" timestamp="29 Sep 2018 06:29:46 GMT" time="2.062" errors="0">
  <testcase name="loginJira" time="1.752" classname="apicalls.JiraAPIAutomation"/>
  <testcase name="createIssue" time="0.28" classname="apicalls.JiraAPIAutomation"/>
  <testcase name="addComment" time="0.002" classname="apicalls.JiraAPIAutomation"/>
  <testcase name="updateComment" time="0.001" classname="apicalls.JiraAPIAutomation"/>
</testsuite> <!-- Default test -->
