<?xml version="1.0" encoding="UTF-8"?>
<!-- Generated by org.testng.reporters.JUnitXMLReporter -->
<testsuite hostname="Nanis-MacBook-Pro.local" ignored="0" name="Test" tests="4" failures="0" timestamp="29 Sep 2018 06:38:40 GMT" time="2.4" errors="0">
  <testcase name="loginJira" time="2.094" classname="apicalls.JiraAPIAutomation"/>
  <testcase name="createIssue" time="0.176" classname="apicalls.JiraAPIAutomation"/>
  <testcase name="addComment" time="0.09" classname="apicalls.JiraAPIAutomation"/>
  <testcase name="updateComment" time="0.0" classname="apicalls.JiraAPIAutomation"/>
</testsuite> <!-- Test -->
