<?xml version="1.0" encoding="UTF-8"?>
<testng-results skipped="0" failed="0" ignored="0" total="4" passed="4">
  <reporter-output>
  </reporter-output>
  <suite name="Suite" duration-ms="2400" started-at="2018-09-29T06:38:37Z" finished-at="2018-09-29T06:38:40Z">
    <groups>
    </groups>
    <test name="Test" duration-ms="2400" started-at="2018-09-29T06:38:37Z" finished-at="2018-09-29T06:38:40Z">
      <class name="apicalls.JiraAPIAutomation">
        <test-method status="PASS" signature="loginJira()[pri:1, instance:apicalls.JiraAPIAutomation@6bf256fa]" name="loginJira" duration-ms="2094" started-at="2018-09-29T06:38:37Z" finished-at="2018-09-29T06:38:39Z">
          <reporter-output>
          </reporter-output>
        </test-method> <!-- loginJira -->
        <test-method status="PASS" signature="createIssue()[pri:2, instance:apicalls.JiraAPIAutomation@6bf256fa]" name="createIssue" duration-ms="176" started-at="2018-09-29T06:38:39Z" finished-at="2018-09-29T06:38:39Z">
          <reporter-output>
          </reporter-output>
        </test-method> <!-- createIssue -->
        <test-method status="PASS" signature="addComment()[pri:3, instance:apicalls.JiraAPIAutomation@6bf256fa]" name="addComment" duration-ms="90" started-at="2018-09-29T06:38:39Z" finished-at="2018-09-29T06:38:40Z">
          <reporter-output>
          </reporter-output>
        </test-method> <!-- addComment -->
        <test-method status="PASS" signature="updateComment()[pri:4, instance:apicalls.JiraAPIAutomation@6bf256fa]" name="updateComment" duration-ms="0" started-at="2018-09-29T06:38:40Z" finished-at="2018-09-29T06:38:40Z">
          <reporter-output>
          </reporter-output>
        </test-method> <!-- updateComment -->
      </class> <!-- apicalls.JiraAPIAutomation -->
    </test> <!-- Test -->
  </suite> <!-- Suite -->
</testng-results>
