<?xml version="1.0" encoding="UTF-8"?>
<testsuite xmlns:xsi="http://www.w3.org/2001/XMLSchema-instance" xsi:noNamespaceSchemaLocation="https://maven.apache.org/surefire/maven-surefire-plugin/xsd/surefire-test-report.xsd" name="TestSuite" time="2.778" tests="4" errors="0" skipped="0" failures="0">
  <properties>
[...]
</properties>
  <testcase name="loginJira" classname="apicalls.JiraAPIAutomation" time="2.093"/>
  <testcase name="createIssue" classname="apicalls.JiraAPIAutomation" time="0.177"/>
  <testcase name="addComment" classname="apicalls.JiraAPIAutomation" time="0.09"/>
  <testcase name="updateComment" classname="apicalls.JiraAPIAutomation" time="0"/>
</testsuite>